0 info it worked if it ends with ok
1 verbose cli [ '/Users/horigodai/.anyenv/envs/ndenv/versions/v4.6.0/bin/node',
1 verbose cli   '/Users/horigodai/.anyenv/envs/ndenv/versions/v4.6.0/bin/npm',
1 verbose cli   'run',
1 verbose cli   'transform' ]
2 info using npm@2.15.9
3 info using node@v4.6.0
4 verbose stack Error: Failed to parse json
4 verbose stack Unexpected token '<' at 13:1
4 verbose stack <<<<<<< HEAD
4 verbose stack ^
4 verbose stack     at parseError (/Users/horigodai/.anyenv/envs/ndenv/versions/v4.6.0/lib/node_modules/npm/node_modules/read-package-json/read-json.js:390:11)
4 verbose stack     at parseJson (/Users/horigodai/.anyenv/envs/ndenv/versions/v4.6.0/lib/node_modules/npm/node_modules/read-package-json/read-json.js:79:23)
4 verbose stack     at /Users/horigodai/.anyenv/envs/ndenv/versions/v4.6.0/lib/node_modules/npm/node_modules/read-package-json/read-json.js:48:5
4 verbose stack     at /Users/horigodai/.anyenv/envs/ndenv/versions/v4.6.0/lib/node_modules/npm/node_modules/graceful-fs/graceful-fs.js:78:16
4 verbose stack     at FSReqWrap.readFileAfterClose [as oncomplete] (fs.js:380:3)
5 verbose cwd /Users/horigodai/Develop/Projects/mvv.js
6 error Darwin 15.3.0
7 error argv "/Users/horigodai/.anyenv/envs/ndenv/versions/v4.6.0/bin/node" "/Users/horigodai/.anyenv/envs/ndenv/versions/v4.6.0/bin/npm" "run" "transform"
8 error node v4.6.0
9 error npm  v2.15.9
10 error file /Users/horigodai/Develop/Projects/mvv.js/package.json
11 error code EJSONPARSE
12 error Failed to parse json
12 error Unexpected token '<' at 13:1
12 error <<<<<<< HEAD
12 error ^
13 error File: /Users/horigodai/Develop/Projects/mvv.js/package.json
14 error Failed to parse package.json data.
14 error package.json must be actual JSON, not just JavaScript.
14 error
14 error This is not a bug in npm.
14 error Tell the package author to fix their package.json file. JSON.parse
15 verbose exit [ 1, true ]
